<?xml version="1.0" encoding="UTF-8"?>
<!-- Generated by org.testng.reporters.JUnitXMLReporter -->
<testsuite ignored="0" hostname="DESKTOP-8Q8B8GH" failures="3" tests="5" name="Test" time="19.751" errors="0" timestamp="2025-04-07T14:52:57 SAST">
  <testcase classname="Tests.checkoutProcessTest" name="checkoutProcess" time="0.351">
    <failure type="java.lang.ArrayIndexOutOfBoundsException" message="Index 1 out of bounds for length 1">
      <![CDATA[java.lang.ArrayIndexOutOfBoundsException: Index 1 out of bounds for length 1
at pageObjects.LandingPage.firstItemPrice(LandingPage.java:59)
at Tests.checkoutProcessTest.checkoutProcess(checkoutProcessTest.java:59)
at java.base/java.util.ArrayList.forEach(ArrayList.java:1511)
at java.base/java.util.concurrent.FutureTask.run(FutureTask.java:264)
at java.base/java.util.concurrent.ThreadPoolExecutor.runWorker(ThreadPoolExecutor.java:1136)
at java.base/java.util.concurrent.ThreadPoolExecutor$Worker.run(ThreadPoolExecutor.java:635)
at java.base/java.lang.Thread.run(Thread.java:833)
... Removed 17 stack frames]]>
    </failure>
  </testcase> <!-- checkoutProcess -->
  <testcase classname="Tests.finishCheckoutAndLogoutTest" name="FinishAndLogout" time="0.335">
    <failure type="java.lang.ArrayIndexOutOfBoundsException" message="Index 1 out of bounds for length 1">
      <![CDATA[java.lang.ArrayIndexOutOfBoundsException: Index 1 out of bounds for length 1
at pageObjects.LandingPage.firstItemPrice(LandingPage.java:59)
at Tests.finishCheckoutAndLogoutTest.FinishAndLogout(finishCheckoutAndLogoutTest.java:62)
at java.base/java.util.ArrayList.forEach(ArrayList.java:1511)
at java.base/java.util.concurrent.FutureTask.run(FutureTask.java:264)
at java.base/java.util.concurrent.ThreadPoolExecutor.runWorker(ThreadPoolExecutor.java:1136)
at java.base/java.util.concurrent.ThreadPoolExecutor$Worker.run(ThreadPoolExecutor.java:635)
at java.base/java.lang.Thread.run(Thread.java:833)
... Removed 17 stack frames]]>
    </failure>
  </testcase> <!-- FinishAndLogout -->
  <testcase classname="Tests.viewAndVerifyCartItemsTest" name="viewAndVerifyCart" time="0.241">
    <failure type="java.lang.NullPointerException" message="Cannot invoke &amp;quot;java.time.temporal.TemporalAmount.addTo(java.time.temporal.Temporal)&amp;quot; because &amp;quot;amountToAdd&amp;quot; is null">
      <![CDATA[java.lang.NullPointerException: Cannot invoke "java.time.temporal.TemporalAmount.addTo(java.time.temporal.Temporal)" because "amountToAdd" is null
at java.base/java.time.Instant.plus(Instant.java:788)
at org.openqa.selenium.support.ui.FluentWait.until(FluentWait.java:198)
at Tests.viewAndVerifyCartItemsTest.viewAndVerifyCart(viewAndVerifyCartItemsTest.java:30)
at java.base/java.util.ArrayList.forEach(ArrayList.java:1511)
at java.base/java.util.concurrent.FutureTask.run(FutureTask.java:264)
at java.base/java.util.concurrent.ThreadPoolExecutor.runWorker(ThreadPoolExecutor.java:1136)
at java.base/java.util.concurrent.ThreadPoolExecutor$Worker.run(ThreadPoolExecutor.java:635)
at java.base/java.lang.Thread.run(Thread.java:833)
... Removed 17 stack frames]]>
    </failure>
  </testcase> <!-- viewAndVerifyCart -->
  <testcase classname="Tests.addItemsToCartTest" name="addItems" time="0.432"/>
  <testcase classname="Tests.LoginTest" name="loginAppTest" time="0.231"/>
</testsuite> <!-- Test -->
