<?xml version="1.0" encoding="UTF-8"?>
<testng-results ignored="0" total="5" passed="2" failed="3" skipped="0">
  <reporter-output>
  </reporter-output>
  <suite started-at="2025-04-07T14:52:37 SAST" name="Suite" finished-at="2025-04-07T14:52:57 SAST" duration-ms="19751">
    <groups>
    </groups>
    <test started-at="2025-04-07T14:52:37 SAST" name="Test" finished-at="2025-04-07T14:52:57 SAST" duration-ms="19751">
      <class name="Tests.finishCheckoutAndLogoutTest">
        <test-method is-config="true" signature="launchApplication()[pri:0, instance:Tests.finishCheckoutAndLogoutTest@7a6d7e92]" started-at="2025-04-07T14:52:41 SAST" name="launchApplication" finished-at="2025-04-07T14:52:45 SAST" duration-ms="3432" status="PASS">
          <reporter-output>
          </reporter-output>
        </test-method> <!-- launchApplication -->
        <test-method signature="FinishAndLogout(java.util.HashMap)[pri:0, instance:Tests.finishCheckoutAndLogoutTest@7a6d7e92]" started-at="2025-04-07T14:52:45 SAST" name="FinishAndLogout" data-provider="getData" finished-at="2025-04-07T14:52:45 SAST" duration-ms="335" status="FAIL">
          <params>
            <param index="0">
              <value>
                <![CDATA[{password=secret_sauce, username=standard_user}]]>
              </value>
            </param>
          </params>
          <exception class="java.lang.ArrayIndexOutOfBoundsException">
            <message>
              <![CDATA[Index 1 out of bounds for length 1]]>
            </message>
            <full-stacktrace>
              <![CDATA[java.lang.ArrayIndexOutOfBoundsException: Index 1 out of bounds for length 1
at pageObjects.LandingPage.firstItemPrice(LandingPage.java:59)
at Tests.finishCheckoutAndLogoutTest.FinishAndLogout(finishCheckoutAndLogoutTest.java:62)
at java.base/jdk.internal.reflect.NativeMethodAccessorImpl.invoke0(Native Method)
at java.base/jdk.internal.reflect.NativeMethodAccessorImpl.invoke(NativeMethodAccessorImpl.java:77)
at java.base/jdk.internal.reflect.DelegatingMethodAccessorImpl.invoke(DelegatingMethodAccessorImpl.java:43)
at java.base/java.lang.reflect.Method.invoke(Method.java:568)
at org.testng.internal.invokers.MethodInvocationHelper.invokeMethod(MethodInvocationHelper.java:141)
at org.testng.internal.invokers.TestInvoker.invokeMethod(TestInvoker.java:687)
at org.testng.internal.invokers.TestInvoker.invokeTestMethod(TestInvoker.java:230)
at org.testng.internal.invokers.MethodRunner.runInSequence(MethodRunner.java:63)
at org.testng.internal.invokers.TestInvoker$MethodInvocationAgent.invoke(TestInvoker.java:995)
at org.testng.internal.invokers.TestInvoker.invokeTestMethods(TestInvoker.java:203)
at org.testng.internal.invokers.TestMethodWorker.invokeTestMethods(TestMethodWorker.java:154)
at org.testng.internal.invokers.TestMethodWorker.run(TestMethodWorker.java:134)
at java.base/java.util.ArrayList.forEach(ArrayList.java:1511)
at org.testng.TestRunner.privateRun(TestRunner.java:741)
at org.testng.TestRunner.run(TestRunner.java:616)
at org.testng.SuiteRunner.runTest(SuiteRunner.java:421)
at org.testng.SuiteRunner$SuiteWorker.run(SuiteRunner.java:463)
at org.testng.internal.thread.ThreadUtil.lambda$execute$0(ThreadUtil.java:64)
at java.base/java.util.concurrent.FutureTask.run(FutureTask.java:264)
at java.base/java.util.concurrent.ThreadPoolExecutor.runWorker(ThreadPoolExecutor.java:1136)
at java.base/java.util.concurrent.ThreadPoolExecutor$Worker.run(ThreadPoolExecutor.java:635)
at java.base/java.lang.Thread.run(Thread.java:833)
]]>
            </full-stacktrace>
          </exception> <!-- java.lang.ArrayIndexOutOfBoundsException -->
          <reporter-output>
          </reporter-output>
        </test-method> <!-- FinishAndLogout -->
        <test-method is-config="true" signature="tearDown()[pri:0, instance:Tests.finishCheckoutAndLogoutTest@7a6d7e92]" started-at="2025-04-07T14:52:45 SAST" name="tearDown" finished-at="2025-04-07T14:52:45 SAST" duration-ms="95" status="PASS">
          <reporter-output>
          </reporter-output>
        </test-method> <!-- tearDown -->
      </class> <!-- Tests.finishCheckoutAndLogoutTest -->
      <class name="Tests.addItemsToCartTest">
        <test-method is-config="true" signature="launchApplication()[pri:0, instance:Tests.addItemsToCartTest@97e93f1]" started-at="2025-04-07T14:52:49 SAST" name="launchApplication" finished-at="2025-04-07T14:52:53 SAST" duration-ms="3420" status="PASS">
          <reporter-output>
          </reporter-output>
        </test-method> <!-- launchApplication -->
        <test-method signature="addItems(java.util.HashMap)[pri:0, instance:Tests.addItemsToCartTest@97e93f1]" started-at="2025-04-07T14:52:53 SAST" name="addItems" data-provider="getData" finished-at="2025-04-07T14:52:53 SAST" duration-ms="432" status="PASS">
          <params>
            <param index="0">
              <value>
                <![CDATA[{password=secret_sauce, username=standard_user}]]>
              </value>
            </param>
          </params>
          <reporter-output>
          </reporter-output>
        </test-method> <!-- addItems -->
        <test-method is-config="true" signature="tearDown()[pri:0, instance:Tests.addItemsToCartTest@97e93f1]" started-at="2025-04-07T14:52:53 SAST" name="tearDown" finished-at="2025-04-07T14:52:53 SAST" duration-ms="84" status="PASS">
          <reporter-output>
          </reporter-output>
        </test-method> <!-- tearDown -->
      </class> <!-- Tests.addItemsToCartTest -->
      <class name="Tests.viewAndVerifyCartItemsTest">
        <test-method is-config="true" signature="launchApplication()[pri:0, instance:Tests.viewAndVerifyCartItemsTest@aba625]" started-at="2025-04-07T14:52:45 SAST" name="launchApplication" finished-at="2025-04-07T14:52:49 SAST" duration-ms="3474" status="PASS">
          <reporter-output>
          </reporter-output>
        </test-method> <!-- launchApplication -->
        <test-method signature="viewAndVerifyCart(java.util.HashMap)[pri:0, instance:Tests.viewAndVerifyCartItemsTest@aba625]" started-at="2025-04-07T14:52:49 SAST" name="viewAndVerifyCart" data-provider="getData" finished-at="2025-04-07T14:52:49 SAST" duration-ms="241" status="FAIL">
          <params>
            <param index="0">
              <value>
                <![CDATA[{password=secret_sauce, username=standard_user}]]>
              </value>
            </param>
          </params>
          <exception class="java.lang.NullPointerException">
            <message>
              <![CDATA[Cannot invoke "java.time.temporal.TemporalAmount.addTo(java.time.temporal.Temporal)" because "amountToAdd" is null]]>
            </message>
            <full-stacktrace>
              <![CDATA[java.lang.NullPointerException: Cannot invoke "java.time.temporal.TemporalAmount.addTo(java.time.temporal.Temporal)" because "amountToAdd" is null
at java.base/java.time.Instant.plus(Instant.java:788)
at org.openqa.selenium.support.ui.FluentWait.until(FluentWait.java:198)
at Tests.viewAndVerifyCartItemsTest.viewAndVerifyCart(viewAndVerifyCartItemsTest.java:30)
at java.base/jdk.internal.reflect.NativeMethodAccessorImpl.invoke0(Native Method)
at java.base/jdk.internal.reflect.NativeMethodAccessorImpl.invoke(NativeMethodAccessorImpl.java:77)
at java.base/jdk.internal.reflect.DelegatingMethodAccessorImpl.invoke(DelegatingMethodAccessorImpl.java:43)
at java.base/java.lang.reflect.Method.invoke(Method.java:568)
at org.testng.internal.invokers.MethodInvocationHelper.invokeMethod(MethodInvocationHelper.java:141)
at org.testng.internal.invokers.TestInvoker.invokeMethod(TestInvoker.java:687)
at org.testng.internal.invokers.TestInvoker.invokeTestMethod(TestInvoker.java:230)
at org.testng.internal.invokers.MethodRunner.runInSequence(MethodRunner.java:63)
at org.testng.internal.invokers.TestInvoker$MethodInvocationAgent.invoke(TestInvoker.java:995)
at org.testng.internal.invokers.TestInvoker.invokeTestMethods(TestInvoker.java:203)
at org.testng.internal.invokers.TestMethodWorker.invokeTestMethods(TestMethodWorker.java:154)
at org.testng.internal.invokers.TestMethodWorker.run(TestMethodWorker.java:134)
at java.base/java.util.ArrayList.forEach(ArrayList.java:1511)
at org.testng.TestRunner.privateRun(TestRunner.java:741)
at org.testng.TestRunner.run(TestRunner.java:616)
at org.testng.SuiteRunner.runTest(SuiteRunner.java:421)
at org.testng.SuiteRunner$SuiteWorker.run(SuiteRunner.java:463)
at org.testng.internal.thread.ThreadUtil.lambda$execute$0(ThreadUtil.java:64)
at java.base/java.util.concurrent.FutureTask.run(FutureTask.java:264)
at java.base/java.util.concurrent.ThreadPoolExecutor.runWorker(ThreadPoolExecutor.java:1136)
at java.base/java.util.concurrent.ThreadPoolExecutor$Worker.run(ThreadPoolExecutor.java:635)
at java.base/java.lang.Thread.run(Thread.java:833)
]]>
            </full-stacktrace>
          </exception> <!-- java.lang.NullPointerException -->
          <reporter-output>
          </reporter-output>
        </test-method> <!-- viewAndVerifyCart -->
        <test-method is-config="true" signature="tearDown()[pri:0, instance:Tests.viewAndVerifyCartItemsTest@aba625]" started-at="2025-04-07T14:52:49 SAST" name="tearDown" finished-at="2025-04-07T14:52:49 SAST" duration-ms="107" status="PASS">
          <reporter-output>
          </reporter-output>
        </test-method> <!-- tearDown -->
      </class> <!-- Tests.viewAndVerifyCartItemsTest -->
      <class name="Tests.checkoutProcessTest">
        <test-method is-config="true" signature="launchApplication()[pri:0, instance:Tests.checkoutProcessTest@eadd4fb]" started-at="2025-04-07T14:52:37 SAST" name="launchApplication" finished-at="2025-04-07T14:52:41 SAST" duration-ms="3822" status="PASS">
          <reporter-output>
          </reporter-output>
        </test-method> <!-- launchApplication -->
        <test-method signature="checkoutProcess(java.util.HashMap)[pri:0, instance:Tests.checkoutProcessTest@eadd4fb]" started-at="2025-04-07T14:52:41 SAST" name="checkoutProcess" data-provider="getData" finished-at="2025-04-07T14:52:41 SAST" duration-ms="351" status="FAIL">
          <params>
            <param index="0">
              <value>
                <![CDATA[{password=secret_sauce, username=standard_user}]]>
              </value>
            </param>
          </params>
          <exception class="java.lang.ArrayIndexOutOfBoundsException">
            <message>
              <![CDATA[Index 1 out of bounds for length 1]]>
            </message>
            <full-stacktrace>
              <![CDATA[java.lang.ArrayIndexOutOfBoundsException: Index 1 out of bounds for length 1
at pageObjects.LandingPage.firstItemPrice(LandingPage.java:59)
at Tests.checkoutProcessTest.checkoutProcess(checkoutProcessTest.java:59)
at java.base/jdk.internal.reflect.NativeMethodAccessorImpl.invoke0(Native Method)
at java.base/jdk.internal.reflect.NativeMethodAccessorImpl.invoke(NativeMethodAccessorImpl.java:77)
at java.base/jdk.internal.reflect.DelegatingMethodAccessorImpl.invoke(DelegatingMethodAccessorImpl.java:43)
at java.base/java.lang.reflect.Method.invoke(Method.java:568)
at org.testng.internal.invokers.MethodInvocationHelper.invokeMethod(MethodInvocationHelper.java:141)
at org.testng.internal.invokers.TestInvoker.invokeMethod(TestInvoker.java:687)
at org.testng.internal.invokers.TestInvoker.invokeTestMethod(TestInvoker.java:230)
at org.testng.internal.invokers.MethodRunner.runInSequence(MethodRunner.java:63)
at org.testng.internal.invokers.TestInvoker$MethodInvocationAgent.invoke(TestInvoker.java:995)
at org.testng.internal.invokers.TestInvoker.invokeTestMethods(TestInvoker.java:203)
at org.testng.internal.invokers.TestMethodWorker.invokeTestMethods(TestMethodWorker.java:154)
at org.testng.internal.invokers.TestMethodWorker.run(TestMethodWorker.java:134)
at java.base/java.util.ArrayList.forEach(ArrayList.java:1511)
at org.testng.TestRunner.privateRun(TestRunner.java:741)
at org.testng.TestRunner.run(TestRunner.java:616)
at org.testng.SuiteRunner.runTest(SuiteRunner.java:421)
at org.testng.SuiteRunner$SuiteWorker.run(SuiteRunner.java:463)
at org.testng.internal.thread.ThreadUtil.lambda$execute$0(ThreadUtil.java:64)
at java.base/java.util.concurrent.FutureTask.run(FutureTask.java:264)
at java.base/java.util.concurrent.ThreadPoolExecutor.runWorker(ThreadPoolExecutor.java:1136)
at java.base/java.util.concurrent.ThreadPoolExecutor$Worker.run(ThreadPoolExecutor.java:635)
at java.base/java.lang.Thread.run(Thread.java:833)
]]>
            </full-stacktrace>
          </exception> <!-- java.lang.ArrayIndexOutOfBoundsException -->
          <reporter-output>
          </reporter-output>
        </test-method> <!-- checkoutProcess -->
        <test-method is-config="true" signature="tearDown()[pri:0, instance:Tests.checkoutProcessTest@eadd4fb]" started-at="2025-04-07T14:52:41 SAST" name="tearDown" finished-at="2025-04-07T14:52:41 SAST" duration-ms="77" status="PASS">
          <reporter-output>
          </reporter-output>
        </test-method> <!-- tearDown -->
      </class> <!-- Tests.checkoutProcessTest -->
      <class name="Tests.LoginTest">
        <test-method is-config="true" signature="launchApplication()[pri:0, instance:Tests.LoginTest@4b520ea8]" started-at="2025-04-07T14:52:53 SAST" name="launchApplication" finished-at="2025-04-07T14:52:56 SAST" duration-ms="3290" status="PASS">
          <reporter-output>
          </reporter-output>
        </test-method> <!-- launchApplication -->
        <test-method signature="loginAppTest(java.util.HashMap)[pri:0, instance:Tests.LoginTest@4b520ea8]" started-at="2025-04-07T14:52:56 SAST" name="loginAppTest" data-provider="getData" finished-at="2025-04-07T14:52:57 SAST" duration-ms="231" status="PASS">
          <params>
            <param index="0">
              <value>
                <![CDATA[{password=secret_sauce, username=standard_user}]]>
              </value>
            </param>
          </params>
          <reporter-output>
          </reporter-output>
        </test-method> <!-- loginAppTest -->
        <test-method is-config="true" signature="tearDown()[pri:0, instance:Tests.LoginTest@4b520ea8]" started-at="2025-04-07T14:52:57 SAST" name="tearDown" finished-at="2025-04-07T14:52:57 SAST" duration-ms="111" status="PASS">
          <reporter-output>
          </reporter-output>
        </test-method> <!-- tearDown -->
      </class> <!-- Tests.LoginTest -->
    </test> <!-- Test -->
  </suite> <!-- Suite -->
</testng-results>
